Traceback (most recent call last):
  File "/Users/yusufdanisman/anaconda3/lib/python3.11/site-packages/jupyter_cache/executors/utils.py", line 58, in single_nb_execution
    executenb(
  File "/Users/yusufdanisman/anaconda3/lib/python3.11/site-packages/nbclient/client.py", line 1305, in execute
    return NotebookClient(nb=nb, resources=resources, km=km, **kwargs).execute()
           ^^^^^^^^^^^^^^^^^^^^^^^^^^^^^^^^^^^^^^^^^^^^^^^^^^^^^^^^^^^^^^^^^^^^^
  File "/Users/yusufdanisman/anaconda3/lib/python3.11/site-packages/jupyter_core/utils/__init__.py", line 173, in wrapped
    return loop.run_until_complete(inner)
           ^^^^^^^^^^^^^^^^^^^^^^^^^^^^^^
  File "/Users/yusufdanisman/anaconda3/lib/python3.11/asyncio/base_events.py", line 654, in run_until_complete
    return future.result()
           ^^^^^^^^^^^^^^^
  File "/Users/yusufdanisman/anaconda3/lib/python3.11/site-packages/nbclient/client.py", line 705, in async_execute
    await self.async_execute_cell(
  File "/Users/yusufdanisman/anaconda3/lib/python3.11/site-packages/nbclient/client.py", line 1058, in async_execute_cell
    await self._check_raise_for_error(cell, cell_index, exec_reply)
  File "/Users/yusufdanisman/anaconda3/lib/python3.11/site-packages/nbclient/client.py", line 914, in _check_raise_for_error
    raise CellExecutionError.from_cell_and_msg(cell, exec_reply_content)
nbclient.exceptions.CellExecutionError: An error occurred while executing the following cell:
------------------
N = len(df_visa) # total number of rows

tr = 0.90 # train ratio
vr = (1-train_ratio)/2 # validation ratio

ts = int(N*tr) # training size
vs = int(N*vr) # validation size

X_train, yR_train, yC_train = X[:ts], yR[:ts], yC[:ts]
X_valid, yR_valid, yC_valid = X[ts:ts+vs], yR[ts:ts+vs], yC[ts:ts+vs]
X_test , yR_test , yC_test  = X[ts+vs:], yR[ts+vs:], yC[ts+vs:]
------------------


[0;31m---------------------------------------------------------------------------[0m
[0;31mNameError[0m                                 Traceback (most recent call last)
Cell [0;32mIn[30], line 4[0m
[1;32m      1[0m N [38;5;241m=[39m [38;5;28mlen[39m(df_visa) [38;5;66;03m# total number of rows[39;00m
[1;32m      3[0m tr [38;5;241m=[39m [38;5;241m0.90[39m [38;5;66;03m# train ratio[39;00m
[0;32m----> 4[0m vr [38;5;241m=[39m ([38;5;241m1[39m[38;5;241m-[39mtrain_ratio)[38;5;241m/[39m[38;5;241m2[39m [38;5;66;03m# validation ratio[39;00m
[1;32m      6[0m ts [38;5;241m=[39m [38;5;28mint[39m(N[38;5;241m*[39mtr) [38;5;66;03m# training size[39;00m
[1;32m      7[0m vs [38;5;241m=[39m [38;5;28mint[39m(N[38;5;241m*[39mvr) [38;5;66;03m# validation size[39;00m

[0;31mNameError[0m: name 'train_ratio' is not defined

