Traceback (most recent call last):
  File "/Users/yusufdanisman/anaconda3/lib/python3.11/site-packages/jupyter_cache/executors/utils.py", line 58, in single_nb_execution
    executenb(
  File "/Users/yusufdanisman/anaconda3/lib/python3.11/site-packages/nbclient/client.py", line 1305, in execute
    return NotebookClient(nb=nb, resources=resources, km=km, **kwargs).execute()
           ^^^^^^^^^^^^^^^^^^^^^^^^^^^^^^^^^^^^^^^^^^^^^^^^^^^^^^^^^^^^^^^^^^^^^
  File "/Users/yusufdanisman/anaconda3/lib/python3.11/site-packages/jupyter_core/utils/__init__.py", line 173, in wrapped
    return loop.run_until_complete(inner)
           ^^^^^^^^^^^^^^^^^^^^^^^^^^^^^^
  File "/Users/yusufdanisman/anaconda3/lib/python3.11/asyncio/base_events.py", line 654, in run_until_complete
    return future.result()
           ^^^^^^^^^^^^^^^
  File "/Users/yusufdanisman/anaconda3/lib/python3.11/site-packages/nbclient/client.py", line 705, in async_execute
    await self.async_execute_cell(
  File "/Users/yusufdanisman/anaconda3/lib/python3.11/site-packages/nbclient/client.py", line 1058, in async_execute_cell
    await self._check_raise_for_error(cell, cell_index, exec_reply)
  File "/Users/yusufdanisman/anaconda3/lib/python3.11/site-packages/nbclient/client.py", line 914, in _check_raise_for_error
    raise CellExecutionError.from_cell_and_msg(cell, exec_reply_content)
nbclient.exceptions.CellExecutionError: An error occurred while executing the following cell:
------------------
plt.figure(figsize=(5,5))
colors = [ 'g', 'y', 'r','navy','pink']

random.seed(0)

for i in np.linspace(1,10,20):
    for j in np.linspace(1,10,20):
        plt.scatter(i,j,marker='s',s=200, alpha=0.2, c=random.choice(colors))


plt.text(3.2, 8, 'Python', size=40)
plt.text(7.2, 7.5, 'In Plain Terms', size=10)
plt.text(3, 2, 'Yusuf Danisman', size=20)
plt.xlim(1,10)
plt.ylim(1,10);
------------------


[0;31m---------------------------------------------------------------------------[0m
[0;31mNameError[0m                                 Traceback (most recent call last)
Cell [0;32mIn[5], line 6[0m
[1;32m      2[0m colors [38;5;241m=[39m [ [38;5;124m'[39m[38;5;124mg[39m[38;5;124m'[39m, [38;5;124m'[39m[38;5;124my[39m[38;5;124m'[39m, [38;5;124m'[39m[38;5;124mr[39m[38;5;124m'[39m,[38;5;124m'[39m[38;5;124mnavy[39m[38;5;124m'[39m,[38;5;124m'[39m[38;5;124mpink[39m[38;5;124m'[39m]
[1;32m      4[0m random[38;5;241m.[39mseed([38;5;241m0[39m)
[0;32m----> 6[0m [38;5;28;01mfor[39;00m i [38;5;129;01min[39;00m np[38;5;241m.[39mlinspace([38;5;241m1[39m,[38;5;241m10[39m,[38;5;241m20[39m):
[1;32m      7[0m     [38;5;28;01mfor[39;00m j [38;5;129;01min[39;00m np[38;5;241m.[39mlinspace([38;5;241m1[39m,[38;5;241m10[39m,[38;5;241m20[39m):
[1;32m      8[0m         plt[38;5;241m.[39mscatter(i,j,marker[38;5;241m=[39m[38;5;124m'[39m[38;5;124ms[39m[38;5;124m'[39m,s[38;5;241m=[39m[38;5;241m200[39m, alpha[38;5;241m=[39m[38;5;241m0.2[39m, c[38;5;241m=[39mrandom[38;5;241m.[39mchoice(colors))

[0;31mNameError[0m: name 'np' is not defined

